Arguments: 
  /usr/local/bin/node /Users/rachelmiles/.yarn/bin/yarn.js build

PATH: 
  /Users/rachelmiles/.yarn/bin:/Users/rachelmiles/.config/yarn/global/node_modules/.bin:~/.npm-global/bin:/Users/rachelmiles/.rbenv/shims:/Applications/Postgres.app/Contents/Versions/10/bin:/usr/local/bin:/usr/bin:/bin:/usr/sbin:/sbin

Yarn version: 
  1.5.1

Node version: 
  9.5.0

Platform: 
  darwin x64

npm manifest: 
  No manifest

yarn manifest: 
  No manifest

Lockfile: 
  No lockfile

Trace: 
  Error: Couldn't find a package.json file in "/Users/rachelmiles/Desktop/DPL/week_5/reactwithrails"
      at new MessageError (/Users/rachelmiles/.yarn/lib/cli.js:186:110)
      at /Users/rachelmiles/.yarn/lib/cli.js:40048:15
      at Generator.next (<anonymous>)
      at step (/Users/rachelmiles/.yarn/lib/cli.js:98:30)
      at /Users/rachelmiles/.yarn/lib/cli.js:109:13
      at <anonymous>
